<?xml version="1.0" encoding="UTF-8"?>
<!-- Generated by org.testng.reporters.JUnitXMLReporter -->
<testsuite ignored="0" hostname="LAPTOP-0TU96ML2" failures="0" tests="5" name="Default test" time="121.439" errors="0" timestamp="2023-08-16T19:56:46 IST">
  <testcase classname="test.Testpet" name="test" time="2.344"/>
  <testcase classname="test.Testpet" name="test1" time="5.011"/>
  <testcase classname="test.Testpet" name="test2" time="11.811"/>
  <testcase classname="test.Testpet" name="test3" time="7.35"/>
  <testcase classname="test.Testpet" name="test4" time="3.503"/>
</testsuite> <!-- Default test -->
