<?xml version="1.0" encoding="UTF-8"?>
<testng-results ignored="0" total="5" passed="5" failed="0" skipped="0">
  <reporter-output>
  </reporter-output>
  <suite started-at="2023-08-16T19:54:44 IST" name="Default suite" finished-at="2023-08-16T19:56:46 IST" duration-ms="121439">
    <groups>
    </groups>
    <test started-at="2023-08-16T19:54:44 IST" name="Default test" finished-at="2023-08-16T19:56:46 IST" duration-ms="121439">
      <class name="test.Testpet">
        <test-method is-config="true" signature="setup()[pri:0, instance:test.Testpet@201a4587]" started-at="2023-08-16T19:54:44 IST" name="setup" finished-at="2023-08-16T19:56:16 IST" duration-ms="91240" status="PASS">
          <reporter-output>
          </reporter-output>
        </test-method> <!-- setup -->
        <test-method is-config="true" signature="testbefore()[pri:0, instance:test.Testpet@201a4587]" started-at="2023-08-16T19:56:16 IST" name="testbefore" finished-at="2023-08-16T19:56:16 IST" depends-on-methods="test.Basecls.setup" duration-ms="46" status="PASS">
          <reporter-output>
          </reporter-output>
        </test-method> <!-- testbefore -->
        <test-method signature="test()[pri:0, instance:test.Testpet@201a4587]" started-at="2023-08-16T19:56:16 IST" name="test" finished-at="2023-08-16T19:56:18 IST" duration-ms="2344" status="PASS">
          <reporter-output>
          </reporter-output>
        </test-method> <!-- test -->
        <test-method signature="test1()[pri:0, instance:test.Testpet@201a4587]" started-at="2023-08-16T19:56:18 IST" name="test1" finished-at="2023-08-16T19:56:23 IST" duration-ms="5011" status="PASS">
          <reporter-output>
          </reporter-output>
        </test-method> <!-- test1 -->
        <test-method signature="test2()[pri:0, instance:test.Testpet@201a4587]" started-at="2023-08-16T19:56:23 IST" name="test2" finished-at="2023-08-16T19:56:35 IST" duration-ms="11811" status="PASS">
          <reporter-output>
          </reporter-output>
        </test-method> <!-- test2 -->
        <test-method signature="test3()[pri:0, instance:test.Testpet@201a4587]" started-at="2023-08-16T19:56:35 IST" name="test3" finished-at="2023-08-16T19:56:42 IST" duration-ms="7350" status="PASS">
          <reporter-output>
          </reporter-output>
        </test-method> <!-- test3 -->
        <test-method signature="test4()[pri:0, instance:test.Testpet@201a4587]" started-at="2023-08-16T19:56:42 IST" name="test4" finished-at="2023-08-16T19:56:46 IST" duration-ms="3503" status="PASS">
          <reporter-output>
          </reporter-output>
        </test-method> <!-- test4 -->
      </class> <!-- test.Testpet -->
    </test> <!-- Default test -->
  </suite> <!-- Default suite -->
</testng-results>
